UserKeyMapping:(
        {
        HIDKeyboardModifierMappingDst = 30064771172;
        HIDKeyboardModifierMappingSrc = 30064771125;
    },
        {
        HIDKeyboardModifierMappingDst = 30064771125;
        HIDKeyboardModifierMappingSrc = 30064771172;
    }
)
UserKeyMapping:(
        {
        HIDKeyboardModifierMappingDst = 30064771172;
        HIDKeyboardModifierMappingSrc = 30064771125;
    },
        {
        HIDKeyboardModifierMappingDst = 30064771125;
        HIDKeyboardModifierMappingSrc = 30064771172;
    }
)
